# JRE version: Java(TM) SE Runtime Environment 18.9 (11.0.21+9) (build 11.0.21+9-LTS-193)
# Java VM: Java HotSpot(TM) 64-Bit Server VM 18.9 (11.0.21+9-LTS-193, mixed mode, tiered, compressed oops, g1 gc, windows-amd64)
Heap:
 garbage-first heap   total 129024K, used 34767K [0x0000000082400000, 0x0000000100000000)
  region size 1024K, 28 young (28672K), 3 survivors (3072K)
 Metaspace       used 22177K, capacity 22781K, committed 23088K, reserved 1069056K
  class space    used 2308K, capacity 2572K, committed 2688K, reserved 1048576K
GC Heap History (6 events):
Event: 1.228 GC heap before
{Heap before GC invocations=0 (full 0):
 garbage-first heap   total 129024K, used 25600K [0x0000000082400000, 0x0000000100000000)
  region size 1024K, 24 young (24576K), 0 survivors (0K)
 Metaspace       used 13383K, capacity 13742K, committed 13824K, reserved 1060864K
  class space    used 1358K, capacity 1493K, committed 1536K, reserved 1048576K
}
Event: 1.236 GC heap after
{Heap after GC invocations=1 (full 0):
 garbage-first heap   total 129024K, used 7542K [0x0000000082400000, 0x0000000100000000)
  region size 1024K, 3 young (3072K), 3 survivors (3072K)
 Metaspace       used 13383K, capacity 13742K, committed 13824K, reserved 1060864K
  class space    used 1358K, capacity 1493K, committed 1536K, reserved 1048576K
}
Event: 2.052 GC heap before
{Heap before GC invocations=1 (full 0):
 garbage-first heap   total 129024K, used 29046K [0x0000000082400000, 0x0000000100000000)
  region size 1024K, 24 young (24576K), 3 survivors (3072K)
 Metaspace       used 17384K, capacity 17841K, committed 17920K, reserved 1064960K
  class space    used 1799K, capacity 1991K, committed 2048K, reserved 1048576K
}
Event: 2.058 GC heap after
{Heap after GC invocations=2 (full 0):
 garbage-first heap   total 129024K, used 8607K [0x0000000082400000, 0x0000000100000000)
  region size 1024K, 1 young (1024K), 1 survivors (1024K)
 Metaspace       used 17384K, capacity 17841K, committed 17920K, reserved 1064960K
  class space    used 1799K, capacity 1991K, committed 2048K, reserved 1048576K
}
Event: 2.476 GC heap before
{Heap before GC invocations=2 (full 0):
 garbage-first heap   total 129024K, used 22943K [0x0000000082400000, 0x0000000100000000)
  region size 1024K, 16 young (16384K), 1 survivors (1024K)
 Metaspace       used 20576K, capacity 21201K, committed 21296K, reserved 1069056K
  class space    used 2177K, capacity 2430K, committed 2432K, reserved 1048576K
}
Event: 2.480 GC heap after
{Heap after GC invocations=3 (full 0):
 garbage-first heap   total 129024K, used 10191K [0x0000000082400000, 0x0000000100000000)
  region size 1024K, 3 young (3072K), 3 survivors (3072K)
 Metaspace       used 20576K, capacity 21201K, committed 21296K, reserved 1069056K
  class space    used 2177K, capacity 2430K, committed 2432K, reserved 1048576K
}

