# JRE version: Java(TM) SE Runtime Environment 18.9 (11.0.21+9) (build 11.0.21+9-LTS-193)
# Java VM: Java HotSpot(TM) 64-Bit Server VM 18.9 (11.0.21+9-LTS-193, mixed mode, tiered, compressed oops, g1 gc, windows-amd64)
Heap:
 garbage-first heap   total 129024K, used 18829K [0x0000000082400000, 0x0000000100000000)
  region size 1024K, 13 young (13312K), 7 survivors (7168K)
 Metaspace       used 21092K, capacity 21843K, committed 22016K, reserved 1069056K
  class space    used 2263K, capacity 2540K, committed 2560K, reserved 1048576K
GC Heap History (6 events):
Event: 0.941 GC heap before
{Heap before GC invocations=0 (full 0):
 garbage-first heap   total 129024K, used 25600K [0x0000000082400000, 0x0000000100000000)
  region size 1024K, 24 young (24576K), 0 survivors (0K)
 Metaspace       used 13699K, capacity 14080K, committed 14208K, reserved 1062912K
  class space    used 1404K, capacity 1542K, committed 1664K, reserved 1048576K
}
Event: 0.947 GC heap after
{Heap after GC invocations=1 (full 0):
 garbage-first heap   total 129024K, used 6299K [0x0000000082400000, 0x0000000100000000)
  region size 1024K, 3 young (3072K), 3 survivors (3072K)
 Metaspace       used 13699K, capacity 14080K, committed 14208K, reserved 1062912K
  class space    used 1404K, capacity 1542K, committed 1664K, reserved 1048576K
}
Event: 1.374 GC heap before
{Heap before GC invocations=1 (full 0):
 garbage-first heap   total 129024K, used 24731K [0x0000000082400000, 0x0000000100000000)
  region size 1024K, 21 young (21504K), 3 survivors (3072K)
 Metaspace       used 17833K, capacity 18485K, committed 18688K, reserved 1064960K
  class space    used 1922K, capacity 2187K, committed 2304K, reserved 1048576K
}
Event: 1.379 GC heap after
{Heap after GC invocations=2 (full 0):
 garbage-first heap   total 129024K, used 8064K [0x0000000082400000, 0x0000000100000000)
  region size 1024K, 2 young (2048K), 2 survivors (2048K)
 Metaspace       used 17833K, capacity 18485K, committed 18688K, reserved 1064960K
  class space    used 1922K, capacity 2187K, committed 2304K, reserved 1048576K
}
Event: 1.709 GC heap before
{Heap before GC invocations=2 (full 0):
 garbage-first heap   total 129024K, used 35712K [0x0000000082400000, 0x0000000100000000)
  region size 1024K, 30 young (30720K), 2 survivors (2048K)
 Metaspace       used 20429K, capacity 21090K, committed 21248K, reserved 1069056K
  class space    used 2176K, capacity 2437K, committed 2560K, reserved 1048576K
}
Event: 1.718 GC heap after
{Heap after GC invocations=3 (full 0):
 garbage-first heap   total 129024K, used 13709K [0x0000000082400000, 0x0000000100000000)
  region size 1024K, 7 young (7168K), 7 survivors (7168K)
 Metaspace       used 20429K, capacity 21090K, committed 21248K, reserved 1069056K
  class space    used 2176K, capacity 2437K, committed 2560K, reserved 1048576K
}

