# JRE version: Java(TM) SE Runtime Environment 18.9 (11.0.21+9) (build 11.0.21+9-LTS-193)
# Java VM: Java HotSpot(TM) 64-Bit Server VM 18.9 (11.0.21+9-LTS-193, mixed mode, tiered, compressed oops, g1 gc, windows-amd64)
Heap:
 garbage-first heap   total 129024K, used 36636K [0x0000000082400000, 0x0000000100000000)
  region size 1024K, 30 young (30720K), 3 survivors (3072K)
 Metaspace       used 22619K, capacity 23234K, committed 23344K, reserved 1071104K
  class space    used 2383K, capacity 2638K, committed 2688K, reserved 1048576K
GC Heap History (6 events):
Event: 1.280 GC heap before
{Heap before GC invocations=0 (full 0):
 garbage-first heap   total 129024K, used 25600K [0x0000000082400000, 0x0000000100000000)
  region size 1024K, 24 young (24576K), 0 survivors (0K)
 Metaspace       used 13428K, capacity 13750K, committed 13824K, reserved 1060864K
  class space    used 1362K, capacity 1496K, committed 1536K, reserved 1048576K
}
Event: 1.290 GC heap after
{Heap after GC invocations=1 (full 0):
 garbage-first heap   total 129024K, used 7605K [0x0000000082400000, 0x0000000100000000)
  region size 1024K, 3 young (3072K), 3 survivors (3072K)
 Metaspace       used 13428K, capacity 13750K, committed 13824K, reserved 1060864K
  class space    used 1362K, capacity 1496K, committed 1536K, reserved 1048576K
}
Event: 1.965 GC heap before
{Heap before GC invocations=1 (full 0):
 garbage-first heap   total 129024K, used 25013K [0x0000000082400000, 0x0000000100000000)
  region size 1024K, 20 young (20480K), 3 survivors (3072K)
 Metaspace       used 16438K, capacity 16829K, committed 17024K, reserved 1064960K
  class space    used 1659K, capacity 1803K, committed 1920K, reserved 1048576K
}
Event: 1.972 GC heap after
{Heap after GC invocations=2 (full 0):
 garbage-first heap   total 129024K, used 8164K [0x0000000082400000, 0x0000000100000000)
  region size 1024K, 1 young (1024K), 1 survivors (1024K)
 Metaspace       used 16438K, capacity 16829K, committed 17024K, reserved 1064960K
  class space    used 1659K, capacity 1803K, committed 1920K, reserved 1048576K
}
Event: 2.668 GC heap before
{Heap before GC invocations=2 (full 0):
 garbage-first heap   total 129024K, used 27620K [0x0000000082400000, 0x0000000100000000)
  region size 1024K, 21 young (21504K), 1 survivors (1024K)
 Metaspace       used 20632K, capacity 21201K, committed 21296K, reserved 1069056K
  class space    used 2184K, capacity 2430K, committed 2432K, reserved 1048576K
}
Event: 2.675 GC heap after
{Heap after GC invocations=3 (full 0):
 garbage-first heap   total 129024K, used 10012K [0x0000000082400000, 0x0000000100000000)
  region size 1024K, 3 young (3072K), 3 survivors (3072K)
 Metaspace       used 20632K, capacity 21201K, committed 21296K, reserved 1069056K
  class space    used 2184K, capacity 2430K, committed 2432K, reserved 1048576K
}

