# JRE version: Java(TM) SE Runtime Environment 18.9 (11.0.21+9) (build 11.0.21+9-LTS-193)
# Java VM: Java HotSpot(TM) 64-Bit Server VM 18.9 (11.0.21+9-LTS-193, mixed mode, tiered, compressed oops, g1 gc, windows-amd64)
Heap:
 garbage-first heap   total 129024K, used 29607K [0x0000000082400000, 0x0000000100000000)
  region size 1024K, 23 young (23552K), 8 survivors (8192K)
 Metaspace       used 29159K, capacity 30077K, committed 30208K, reserved 1075200K
  class space    used 3363K, capacity 3746K, committed 3840K, reserved 1048576K
GC Heap History (8 events):
Event: 1.031 GC heap before
{Heap before GC invocations=0 (full 0):
 garbage-first heap   total 129024K, used 25600K [0x0000000082400000, 0x0000000100000000)
  region size 1024K, 24 young (24576K), 0 survivors (0K)
 Metaspace       used 13706K, capacity 14080K, committed 14208K, reserved 1062912K
  class space    used 1404K, capacity 1542K, committed 1664K, reserved 1048576K
}
Event: 1.036 GC heap after
{Heap after GC invocations=1 (full 0):
 garbage-first heap   total 129024K, used 6107K [0x0000000082400000, 0x0000000100000000)
  region size 1024K, 3 young (3072K), 3 survivors (3072K)
 Metaspace       used 13706K, capacity 14080K, committed 14208K, reserved 1062912K
  class space    used 1404K, capacity 1542K, committed 1664K, reserved 1048576K
}
Event: 1.614 GC heap before
{Heap before GC invocations=1 (full 0):
 garbage-first heap   total 129024K, used 26587K [0x0000000082400000, 0x0000000100000000)
  region size 1024K, 23 young (23552K), 3 survivors (3072K)
 Metaspace       used 18250K, capacity 18874K, committed 19200K, reserved 1067008K
  class space    used 1959K, capacity 2232K, committed 2304K, reserved 1048576K
}
Event: 1.621 GC heap after
{Heap after GC invocations=2 (full 0):
 garbage-first heap   total 129024K, used 8455K [0x0000000082400000, 0x0000000100000000)
  region size 1024K, 3 young (3072K), 3 survivors (3072K)
 Metaspace       used 18250K, capacity 18874K, committed 19200K, reserved 1067008K
  class space    used 1959K, capacity 2232K, committed 2304K, reserved 1048576K
}
Event: 1.961 GC heap before
{Heap before GC invocations=2 (full 0):
 garbage-first heap   total 129024K, used 21767K [0x0000000082400000, 0x0000000100000000)
  region size 1024K, 17 young (17408K), 3 survivors (3072K)
 Metaspace       used 20456K, capacity 21122K, committed 21248K, reserved 1069056K
  class space    used 2221K, capacity 2470K, committed 2560K, reserved 1048576K
}
Event: 1.966 GC heap after
{Heap after GC invocations=3 (full 0):
 garbage-first heap   total 129024K, used 10234K [0x0000000082400000, 0x0000000100000000)
  region size 1024K, 4 young (4096K), 4 survivors (4096K)
 Metaspace       used 20456K, capacity 21122K, committed 21248K, reserved 1069056K
  class space    used 2221K, capacity 2470K, committed 2560K, reserved 1048576K
}
Event: 5.802 GC heap before
{Heap before GC invocations=4 (full 0):
 garbage-first heap   total 129024K, used 80890K [0x0000000082400000, 0x0000000100000000)
  region size 1024K, 61 young (62464K), 4 survivors (4096K)
 Metaspace       used 26340K, capacity 27107K, committed 27392K, reserved 1073152K
  class space    used 2942K, capacity 3272K, committed 3328K, reserved 1048576K
}
Event: 5.811 GC heap after
{Heap after GC invocations=5 (full 0):
 garbage-first heap   total 129024K, used 15271K [0x0000000082400000, 0x0000000100000000)
  region size 1024K, 8 young (8192K), 8 survivors (8192K)
 Metaspace       used 26340K, capacity 27107K, committed 27392K, reserved 1073152K
  class space    used 2942K, capacity 3272K, committed 3328K, reserved 1048576K
}

